#Rezultate Cerinta 2
100
-2.374956
3
-1.366000
4
4.599152
8
6.217656
10
-4.389044
1
-0.362790
4
-0.472712
4
-0.054570
4
0.910956
5
-1.894684
3
5.745687
9
-7.477151
0
-6.046653
0
-4.434645
1
4.083773
8
-1.373845
4
-5.946953
0
-3.381001
2
-2.953555
3
7.646012
10
4.815249
8
-9.947724
0
0.032732
4
4.890982
8
-0.655495
4
3.561144
8
5.696870
9
-3.482766
2
-0.358525
4
-8.477937
0
4.119139
8
-1.072016
4
3.496542
8
0.233945
5
-2.627836
3
0.943626
5
5.928317
10
3.174992
8
-0.755885
4
3.674367
8
-2.537183
3
-10.298149
0
-0.673909
4
-2.016329
3
-8.236399
0
-2.859685
3
-2.632143
3
-3.435702
2
-0.851493
4
-0.300299
4
6.675589
10
5.448532
9
-1.519989
3
0.428836
5
-6.083131
0
-2.445969
3
-7.900945
0
-10.139516
0
-2.765919
3
-5.854496
0
-3.035749
3
-7.317764
0
0.558734
5
7.521861
10
0.846246
5
0.170995
5
4.309797
8
2.625138
7
0.867430
5
-1.105380
4
-1.032188
4
-6.418874
0
2.444422
7
-6.053157
0
1.750143
7
0.816227
5
-1.941482
3
-9.065092
0
-3.058442
3
3.907892
8
-5.820882
0
-6.235043
0
4.874217
8
-3.832397
1
-5.881172
0
-8.731836
0
2.108531
7
1.596295
7
-0.355939
4
-3.809201
1
-2.401846
3
-5.248179
0
-2.411661
3
-2.615740
3
4.688210
8
-6.902064
0
5.178650
9
0.878095
5
-6.950321
0
-7.445024
0
