#Rezultate Cerinta 1
10 100
-2.374956
1.000000 2.352254 9.101859 20.073111 48.666907 73.697233 -25.362787 -1947.441713 -13338.795693 -39684.433359 94337.520467
-1.366000
1.000000 1.343298 3.602010 3.596730 0.759688 -12.090749 -17.876263 270.355226 1579.004362 2811.319210 -17107.776401
4.599152
1.000000 -4.621854 12.687402 -46.846702 138.574658 -361.446721 1168.026106 4586.644053 -572.609567 -32101.102714 177909.839631
6.217656
1.000000 -6.240358 27.426687 -152.143031 726.567233 -3426.235241 18915.762689 -17929.967315 31245.627856 -9896.251697 -305187.196840
-4.389044
1.000000 4.366342 26.169390 114.563767 565.146658 2444.424995 8189.554537 -20569.910858 -182325.546379 -954205.130314 -1309895.438601
-0.362790
1.000000 0.340088 0.152107 -0.490488 -1.025231 0.767325 4.190146 -15.129602 -73.187677 -37.748573 889.732918
-0.472712
1.000000 0.450010 0.431922 -0.453947 -1.638551 -0.207392 6.345266 12.535257 62.010502 40.889533 -752.625096
-0.054570
1.000000 0.031868 -0.503611 -0.222126 0.862236 1.500091 -3.494429 -40.609929 -183.921116 -19.108225 2214.011094
0.910956
1.000000 -0.933658 -1.327868 2.455422 3.249499 -9.993557 -2.285251 254.137357 905.616894 -1179.255779 -8903.586143
-1.894684
1.000000 1.871982 6.229970 10.294677 16.582502 4.020144 -57.847273 -250.572240 -1595.896070 -3852.095013 14610.982370
5.745687
1.000000 -5.768389 22.587462 -113.550644 484.020954 -2007.690059 9908.454071 688.430221 -880.445915 -1485.710485 20157.235001
-7.477151
1.000000 7.454449 68.094361 515.137739 4240.936673 32748.872539 223891.013474 993810.928268 11877507.306614 101389639.571564 541990945.757268
-6.046653
1.000000 6.023951 46.302329 282.393498 1901.157134 11765.766944 62128.869264 118944.829534 1251397.072750 8787296.501162 31746663.112147
-4.434645
1.000000 4.411943 26.649740 117.941597 587.827848 2573.968471 8769.400744 -20521.835849 -182835.559550 -965989.510186 -1390966.777545
4.083773
1.000000 -4.106475 9.093741 -27.518876 63.613617 -110.291820 216.057467 2061.911358 805.415804 -17123.449551 72781.612597
-1.373845
1.000000 1.351143 3.636920 3.669063 0.886221 -12.096382 -18.473531 269.135152 1573.990272 2817.402415 -17021.795047
-5.946953
1.000000 5.924251 44.936073 269.445795 1785.462737 10855.654993 56117.927762 96050.720870 1000952.860840 6922180.056423 24136736.612201
-3.381001
1.000000 3.358299 16.613023 54.967865 206.833106 636.575208 1257.435708 -11055.431270 -86846.013979 -357706.211747 90904.780802
-2.953555
1.000000 2.930853 13.174378 37.496357 121.016265 300.456828 373.473185 -6269.754616 -46571.936477 -169403.687433 180603.502794
7.646012
1.000000 -7.668714 44.786346 -316.770670 1992.284830 -12622.108886 90393.304218 -309979.406661 983072.247129 -3587032.632557 18278274.672626
4.815249
1.000000 -4.837951 14.352284 -56.770344 182.444580 -533.942707 1928.005034 5563.759036 -1897.179603 -35013.563133 216847.844360
-9.947724
1.000000 9.925022 115.368650 1162.471948 12526.322517 129040.759176 1217388.199914 9655543.869585 139253236.200962 1547437158.722703 12598012706.190153
0.032732
1.000000 -0.055434 -0.654810 -0.064215 1.373891 1.169561 -5.573785 -33.249621 -147.682303 2.271789 1765.686413
4.890982
1.000000 -4.913684 14.957857 -60.520414 199.832319 -606.271946 2263.779282 5837.009492 -2432.537771 -35160.499425 226732.394071
-0.655495
1.000000 0.632793 0.950712 -0.207097 -2.441569 -2.538406 8.234749 75.357372 386.574407 346.092742 -4652.036039
3.561144
1.000000 -3.583846 5.992020 -13.483441 20.745806 -7.995352 -51.688506 352.150554 321.647021 -3199.769691 9879.836963
5.696870
1.000000 -5.719572 22.112351 -109.957390 462.809907 -1891.861094 9218.168286 1700.493797 -2083.642482 -4142.594102 51558.441941
-3.482766
1.000000 3.460064 17.485539 59.763161 232.226113 745.780969 1588.550878 -12322.475507 -98053.384882 -415021.764807 30826.868119
-0.358525
1.000000 0.335823 0.141737 -0.490356 -1.000167 0.797890 4.095613 -16.020655 -77.429530 -39.501898 941.309673
-8.477937
1.000000 8.455235 85.773408 736.336936 6824.307251 59879.358202 472939.084532 2808548.151873 36377136.294508 348662765.512072 2266225319.128548
4.119139
1.000000 -4.141841 9.323366 -28.661583 67.593988 -121.783912 253.245022 2217.753489 787.846057 -18256.593356 79091.725150
-1.072016
1.000000 1.049314 2.382538 1.400694 -2.269030 -9.357042 0.102538 237.621418 1317.957872 1870.995379 -15132.166639
3.496542
1.000000 -3.519244 5.646553 -12.095805 17.233396 -2.127199 -59.754145 222.672568 217.784041 -2036.371461 5999.505900
0.233945
1.000000 -0.256647 -0.945240 0.402786 2.404248 -0.394346 -9.268737 5.933453 25.165750 -7.421093 -294.026119
-2.627836
1.000000 2.605134 10.799409 26.869012 74.979344 147.916941 75.377899 -3504.669163 -24891.185408 -81301.485430 143556.388676
0.943626
1.000000 -0.966328 -1.323147 2.552126 3.168801 -10.447984 -1.153319 265.437604 937.212749 -1268.938754 -9093.134844
5.928317
1.000000 -5.951019 24.407175 -127.643675 569.567098 -2489.255084 12859.331858 -4407.608015 6401.239576 5232.161181 -111443.144634
3.174992
1.000000 -3.197694 4.051196 -6.212800 4.324696 12.928673 -59.707500 -178.712887 -232.197153 1664.246316 -3719.242774
-0.755885
1.000000 0.733183 1.264074 0.038533 -2.708392 -4.106923 8.048435 115.720134 605.250197 619.309809 -7227.142183
3.674367
1.000000 -3.697069 6.617626 -16.091514 27.752744 -21.231485 -27.816825 622.242746 497.857567 -5577.367734 18604.018942
-2.537183
1.000000 2.514481 10.176161 24.292692 64.681866 117.507085 29.192294 -2888.111593 -20250.379685 -64036.098635 126596.407890
-10.298149
1.000000 10.275447 123.062563 1283.659537 14291.539232 152395.331370 1493086.608706 12514350.526447 184868623.188768 2121355162.237383 18085956584.957355
-0.673909
1.000000 0.651207 1.006680 -0.168189 -2.501460 -2.813856 8.273652 82.551181 424.998292 390.501480 -5107.979466
-2.016329
1.000000 1.993627 6.913747 12.410475 22.811368 14.958417 -61.152049 -544.065536 -3531.373824 -9029.989855 30642.782404
-8.236399
1.000000 8.213697 81.323213 678.150049 6116.121817 52118.918401 398366.781871 2226816.979488 28304510.780732 264146916.556140 1644172584.291602
-2.859685
1.000000 2.836983 12.468164 34.206671 106.200058 248.759324 262.344376 -5385.576806 -39498.660335 -139465.962511 175626.124536
-2.632143
1.000000 2.609441 10.829429 26.995417 75.494030 149.477938 77.900132 -3535.618658 -25126.226675 -82193.203507 144322.545652
-3.435702
1.000000 3.413000 17.079446 57.513814 220.225009 693.687325 1428.417434 -11733.329119 -92813.119950 -387962.532832 60872.068086
-0.851493
1.000000 0.828791 1.581249 0.352104 -2.806719 -5.710412 6.889489 155.412153 827.711817 946.997720 -9790.324895
-0.300299
1.000000 0.277597 0.003806 -0.477613 -0.651354 1.158872 2.743614 -26.735793 -127.658032 -55.318564 1551.518804
6.675589
1.000000 -6.698291 32.547830 -196.678564 1035.703373 -5435.032119 32952.441858 -59867.794473 131760.061978 -217985.429355 37345.628622
5.448532
1.000000 -5.471234 19.769201 -92.777902 365.018450 -1378.461221 6265.423790 5061.464603 -4933.648427 -18655.890413 174301.954595
-1.519989
1.000000 1.497287 4.309753 5.157132 3.762178 -11.217442 -30.283289 218.227924 1308.169036 2572.937817 -13622.014442
0.428836
1.000000 -0.451538 -1.149348 0.954829 3.114957 -2.763014 -10.642601 67.510679 273.127485 -156.703776 -3087.186475
-6.083131
1.000000 6.060429 46.807180 287.230440 1944.831861 12113.272460 64454.583169 128106.742287 1352462.292057 9549582.230813 34938650.421022
-2.445969
1.000000 2.423267 9.565645 21.859651 55.311649 91.312446 -5.411769 -2334.007955 -16152.298440 -49380.155225 108548.599483
-7.900945
1.000000 7.878243 75.336225 602.487672 5224.846225 42683.163664 311081.360506 1584205.941397 19605000.455198 176075789.694655 1028083244.925991
-10.139516
1.000000 10.116814 119.549200 1227.814516 13470.976098 141440.611635 1362511.505062 11143582.145264 162851148.199059 1841991338.008900 15384132519.067009
-2.765919
1.000000 2.743217 11.780327 31.106533 92.686823 203.657138 173.201661 -4572.263763 -33104.946326 -113355.771173 165355.351854
-5.854496
1.000000 5.831794 43.686838 257.791115 1682.873217 10061.774145 50974.143914 77429.394632 799736.462632 5451647.773785 18368423.613281
-3.035749
1.000000 3.013047 13.807220 40.533671 135.104984 351.586401 491.396079 -7099.115227 -53315.994660 -198895.702149 179375.798819
-7.317764
1.000000 7.295062 65.463681 484.580152 3909.036213 29525.786927 196815.323223 823547.143026 9711335.063842 81269861.729249 419201341.486353
0.558734
1.000000 -0.581436 -1.243200 1.355078 3.392178 -4.647373 -10.064699 116.776533 457.268523 -349.369183 -5022.369867
7.521861
1.000000 -7.544563 43.115547 -299.320486 1843.623343 -11427.871561 80266.002724 -259705.500504 791387.889030 -2714491.989054 12927276.483347
0.846246
1.000000 -0.868948 -1.330918 2.259384 3.375940 -9.056147 -4.345434 230.557993 836.512597 -1004.307385 -8428.557921
0.170995
1.000000 -0.193697 -0.863082 0.243197 2.109425 0.205474 -8.321851 -9.395186 -40.427276 8.371099 476.283180
4.309797
1.000000 -4.332499 10.604371 -35.275490 91.830249 -196.874999 515.221487 3122.321903 513.809272 -24345.948209 116538.417531
2.625138
1.000000 -2.647840 1.802262 0.344905 -4.505166 7.333693 -2.591439 -181.040574 -334.798219 1651.170295 -1532.385162
0.867430
1.000000 -0.890132 -1.330842 2.324149 3.339471 -9.367853 -3.698802 238.434382 860.038364 -1061.023609 -8598.257765
-1.105380
1.000000 1.082678 2.512239 1.601830 -2.074607 -9.844670 -1.444810 247.246353 1379.592150 2015.474343 -15753.063164
-1.032188
1.000000 1.009486 2.230623 1.175739 -2.458471 -8.741358 1.770255 224.838337 1238.101261 1696.428230 -14303.816025
-6.418874
1.000000 6.396172 51.578786 334.315970 2382.267361 15704.203779 89379.107153 235396.232980 2564198.588432 19021562.970475 77532378.235904
2.444422
1.000000 -2.467124 1.195149 1.674040 -4.967444 2.273154 13.589597 -81.750303 -165.962244 729.647454 -329.689144
-6.053157
1.000000 6.030455 46.392149 283.251989 1908.890968 11827.147908 62538.466427 120546.511792 1269032.344812 8919933.903721 32298872.166843
1.750143
1.000000 -1.772845 -0.529781 3.844641 -1.543137 -12.996452 30.522796 296.930816 808.912937 -2247.121404 -4108.673143
0.816227
1.000000 -0.838929 -1.329489 2.166775 3.419349 -8.607718 -5.213144 219.172211 801.782508 -925.187488 -8165.368027
-1.941482
1.000000 1.918780 6.489523 11.081185 18.843546 7.795017 -59.687198 -353.881027 -2270.443004 -5605.696554 20378.233956
-9.065092
1.000000 9.042390 97.077964 891.293947 8798.587310 82589.273145 703202.949314 4752382.041239 64344677.444269 656089118.987095 4698804266.997102
-3.058442
1.000000 3.035740 13.984322 41.398510 139.185277 366.728313 527.687675 -7336.766851 -55267.317068 -207592.564144 177961.003818
3.907892
1.000000 -3.930594 7.988928 -22.212141 46.013888 -62.920545 74.123336 1356.909497 768.721614 -11708.341665 45096.852132
-5.820882
1.000000 5.798180 43.236899 253.636997 1646.670916 9784.685173 49201.765761 71236.943809 733381.390075 4972958.184899 16542119.321872
-6.235043
1.000000 6.212341 48.938239 307.956253 2134.687236 13647.847594 74914.636527 171219.994618 1833638.523282 13243811.221745 50969345.693319
4.874217
1.000000 -4.896919 14.822812 -59.677812 195.888758 -589.687153 2186.003767 5780.828416 -2312.179205 -35172.593077 224770.282499
-3.832397
1.000000 3.809695 20.641042 78.239931 336.323144 1229.253560 3230.027366 -16639.379188 -138222.416572 -638752.777296 -327750.954253
-5.881172
1.000000 5.858470 44.045516 261.119245 1712.016246 10286.004491 52417.245519 82558.099763 854912.105551 5852145.921324 19916743.457950
-8.731836
1.000000 8.709134 90.577139 800.952477 7632.503640 68994.519982 563353.125342 3547689.664449 46851486.154784 461463596.531609 3132061711.831033
2.108531
1.000000 -2.131233 0.240252 3.243718 -3.974644 -6.751089 30.698599 127.258434 301.066137 -1067.552815 -573.275568
1.596295
1.000000 -1.618997 -0.781532 3.829321 -0.389988 -14.201801 26.093271 336.301293 967.911650 -2400.033509 -6001.588935
-0.355939
1.000000 0.333237 0.135467 -0.490222 -0.984933 0.816152 4.037964 -16.553987 -79.964265 -40.522863 972.128232
-3.809201
1.000000 3.786499 20.424121 76.914823 328.551371 1191.392262 3092.776812 -16368.784461 -135594.865405 -623128.468125 -296262.687270
-2.401846
1.000000 2.379144 9.276291 20.738680 51.118108 80.096181 -18.463567 -2089.285216 -14366.523282 -43188.761171 99709.651598
-5.248179
1.000000 5.225477 35.918250 189.427235 1113.350051 5909.868401 25867.805486 3211.148039 31206.988845 192413.497700 495970.348819
-2.411661
1.000000 2.388959 9.340320 20.984922 52.032365 82.513088 -15.751038 -2142.429004 -14752.984817 -44517.866319 101675.100937
-2.615740
1.000000 2.593038 10.715298 26.515967 73.546429 143.590935 68.461006 -3418.555819 -24238.229704 -78832.689683 141382.063285
4.688210
1.000000 -4.710912 13.362220 -50.799367 155.660407 -426.802139 1448.443271 5015.252349 -1072.857921 -33699.093596 195413.045539
-6.902064
1.000000 6.879362 58.841621 410.544405 3133.710580 22283.026090 138554.139449 484165.152546 5508035.319953 43678923.761963 203690492.202243
5.178650
1.000000 -5.201352 17.362634 -76.113174 276.397643 -946.932303 3948.040231 6242.341063 -4397.993408 -30559.792149 233187.065488
0.878095
1.000000 -0.900797 -1.330464 2.356549 3.319292 -9.523103 -3.362833 242.344654 871.557991 -1089.807444 -8678.531413
-6.950321
1.000000 6.927619 59.592618 418.728309 3217.312669 23043.276618 144484.600598 516771.698724 5903918.674962 47119342.105956 222462566.378327
-7.445024
1.000000 7.422322 67.560017 508.879316 4172.420917 32077.898727 218201.321962 957453.032519 11412215.366135 97032186.996074 515039691.568435
