#Rezultate Cerinta 1
7 20
16.230489
1.000000 -15.230489 136.584861 -1290.226957 7204.577248 -19950.132026 -197142.941551 2927499.632029
5.485416
1.000000 -4.485416 -10.793539 77.006013 463.476570 -6543.793464 -13398.451507 138001.421177
-0.253989
1.000000 1.253989 5.096422 6.712723 -72.003816 -591.910100 2682.175275 18198.330442
3.103291
1.000000 -2.103291 -12.195913 10.520558 356.413936 -1066.544007 -22700.327495 19409.443632
4.527893
1.000000 -3.527893 -12.721329 50.440460 493.167897 -4474.865086 -24725.630378 109375.958944
3.521385
1.000000 -2.521385 -12.770928 21.458875 415.379230 -2005.319716 -25538.727129 45400.624693
-4.358971
1.000000 5.358971 56.872396 446.523571 4096.761955 -2526.318051 -280783.866371 -2025859.241073
13.658834
1.000000 -12.658834 80.293074 -492.703057 780.797956 22429.801904 -289046.604331 2722022.943359
13.128905
1.000000 -12.128905 70.336906 -377.699551 178.762453 22183.340905 -236133.749584 2036842.862356
3.262370
1.000000 -2.262370 -12.455902 14.554171 380.349827 -1411.609157 -23972.025027 28875.286724
1.754560
1.000000 -0.754560 -7.957999 -13.754249 113.048644 908.018592 -6104.230518 -22130.750321
-0.402996
1.000000 1.402996 6.386374 12.057616 -58.339246 -911.876396 630.599995 16735.951594
8.780950
1.000000 -7.780950 9.857483 87.224550 -314.555085 -3449.388898 40072.270185 -176465.567955
10.286155
1.000000 -9.286155 26.515745 8.412144 -682.125081 5113.816960 6395.942200 -128422.897593
1.918712
1.000000 -0.918712 -8.668240 -12.009953 143.670025 780.315622 -8351.135702 -21515.032767
15.782255
1.000000 -14.782255 125.821533 -1120.123772 5571.550504 -5100.608374 -291381.955336 3806128.189492
10.055099
1.000000 -9.055099 23.664224 25.256589 -643.510389 3567.118169 16018.293081 -170084.534198
9.422257
1.000000 -8.422257 16.400871 62.227246 -498.524910 -282.363712 33719.006557 -212034.306509
16.227889
1.000000 -15.227889 136.521269 -1289.199435 7194.358114 -19851.764844 -197841.977514 2934659.955602
15.951854
1.000000 -14.951854 129.846814 -1182.833686 6159.550424 -10235.792337 -261638.739215 3552479.428452
