#Rezultate Cerinta 1
10 100
-2.374956
1.000000 0.952254 2.059296 -2.841271 -14.245079 -33.099672 184.413576 699.564195 3392.368953 8588.366727 -26467.467031
-1.366000
1.000000 -0.056702 -1.019059 0.213230 2.753700 4.896721 -42.453689 -106.908027 -410.551755 -461.343101 4619.737439
4.599152
1.000000 -6.021854 22.382697 -99.262694 303.513282 -804.361487 -193.602865 4099.067409 -8709.213963 -4720.167130 129381.633591
6.217656
1.000000 -7.640358 41.006392 -266.397956 1287.617586 -6084.218823 24342.598430 -109704.509730 410634.144864 -1057412.745477 2431709.780767
-4.389044
1.000000 2.966342 14.293015 28.585519 123.953228 522.994743 -259.598945 -3485.246351 -23920.811539 -119398.417998 -150661.310185
-0.362790
1.000000 -1.059912 -2.061258 7.563526 15.184749 -12.500464 -230.746140 -187.210242 -531.036387 296.305244 6246.615344
-0.472712
1.000000 -0.949990 -2.045256 6.735130 14.722923 -8.228540 -227.632197 -226.738773 -668.113357 234.576278 7935.536440
-0.054570
1.000000 -1.368132 -1.977248 9.747536 15.072469 -25.563919 -211.021178 -47.501556 -120.019603 142.179863 1340.391415
0.910956
1.000000 -2.333658 -0.484243 13.562952 2.895158 -52.122212 60.730462 201.942123 315.701898 -1245.776559 -1734.530540
-1.894684
1.000000 0.471982 0.340059 -2.318801 -7.566050 -10.870277 111.499308 331.466210 1448.159163 2728.990640 -14151.484571
5.745687
1.000000 -7.168389 35.034442 -207.633074 898.830444 -3740.571859 11503.284895 -42820.002024 140068.453980 -254817.472588 -26295.849127
-7.477151
1.000000 6.054449 48.806530 270.163022 2195.375771 16939.598038 72705.129406 522269.380494 5197375.101818 43722637.374823 232822525.357988
-6.046653
1.000000 4.623951 30.447693 120.446750 787.372658 4859.576438 11411.393934 56512.523834 481542.667743 3302284.350855 11795645.559674
-4.434645
1.000000 3.011943 14.663923 30.164121 133.093371 569.639669 -226.460524 -3521.441713 -24329.836947 -122721.803048 -163524.379555
4.083773
1.000000 -5.506475 17.552127 -64.592259 157.648260 -287.025193 -998.142305 4595.504609 -7395.141899 -16029.351383 165657.221436
-1.373845
1.000000 -0.048857 -1.002978 0.164758 2.602742 4.788448 -40.051572 -101.873844 -392.018736 -445.125580 4404.769478
-5.946953
1.000000 4.524251 29.320716 112.682502 723.545972 4385.910907 9657.331902 45728.523420 385092.945101 2598525.276200 8948890.645849
-3.381001
1.000000 1.958299 7.155951 4.562975 4.474791 0.954167 -68.693190 -282.472084 -1653.963398 -6282.800861 3135.568647
-2.953555
1.000000 1.530853 4.743176 -0.250468 -11.424955 -40.863553 106.487835 555.860040 3017.151506 9872.588711 -14151.631328
7.646012
1.000000 -9.068714 61.794106 -502.808338 3182.768664 -20176.751308 126757.708916 -800072.702025 4137561.979344 -18812714.152231 108049822.366581
4.815249
1.000000 -6.237951 24.566212 -116.244497 384.174700 -1136.853559 681.229909 1897.725901 -4442.567701 -24.981469 53305.853912
-9.947724
1.000000 8.525022 90.151443 735.991403 7893.146229 81298.524147 591631.267037 5946318.149671 73865853.446600 814754369.913965 6626547741.529399
0.032732
1.000000 -1.455434 -1.918922 10.311507 14.664749 -29.297165 -197.981166 -5.227083 -12.657447 17.701143 137.987427
4.890982
1.000000 -6.313684 25.353544 -122.555551 415.514225 -1273.112380 1092.100173 678.896323 -1641.160536 278.215580 18077.206195
-0.655495
1.000000 -0.767207 -1.965146 5.332170 13.390874 -2.021284 -211.016538 -272.032576 -851.333100 18.951562 10187.099507
3.561144
1.000000 -4.983846 13.196096 -37.143537 64.424276 -42.792475 -818.965547 2542.584132 -2762.586852 -13513.302738 91043.188608
5.696870
1.000000 -7.119572 34.442170 -202.053855 864.047490 -3544.308678 10530.757544 -38187.724826 123051.462774 -213655.550737 -99604.504733
-3.482766
1.000000 2.060064 7.784232 6.131723 10.662908 21.372597 -118.588201 -581.595848 -3464.625939 -13587.871805 4053.191359
-0.358525
1.000000 -1.064177 -2.061392 7.595291 15.197398 -12.672442 -230.759796 -185.526291 -525.467344 297.496027 6178.261138
-8.477937
1.000000 7.055235 64.083690 423.653843 3894.009806 34154.416072 189201.032305 1589665.874876 17410527.006879 165066575.406569 1070636657.496874
4.119139
1.000000 -5.541841 17.866631 -66.720668 165.782489 -312.273818 -984.137289 4687.358701 -7708.745858 -15677.806384 168272.704687
-1.072016
1.000000 -0.350686 -1.532970 2.193346 8.014174 5.919541 -127.231489 -246.647519 -874.657949 -586.658206 10266.733740
3.496542
1.000000 -4.919244 12.695585 -34.247898 56.028603 -26.207148 -765.614144 2270.211479 -2319.968015 -12492.191323 80557.766176
0.233945
1.000000 -1.656647 -1.726441 11.484836 13.119718 -37.435768 -156.498615 86.624543 194.165754 -358.034548 -1978.755993
-2.627836
1.000000 1.205134 3.149933 -2.202271 -15.012719 -41.689252 175.359707 751.966286 3836.649767 10972.134088 -25087.575776
0.943626
1.000000 -2.366328 -0.401114 13.569204 2.270019 -52.092271 72.267301 196.716458 301.098749 -1228.293801 -1548.316466
5.928317
1.000000 -7.351019 37.292466 -229.322970 1037.686288 -4547.407802 15686.017086 -63551.363096 219489.907690 -465519.007117 472570.517668
3.174992
1.000000 -4.597694 10.328507 -21.349948 22.757708 24.936600 -467.702665 1066.475562 -746.866814 -6733.268541 35228.570639
-0.755885
1.000000 -0.666817 -1.892719 4.559262 12.374355 0.773080 -196.182767 -283.614385 -916.063425 -138.596356 10959.525476
3.674367
1.000000 -5.097069 14.093438 -42.474185 80.668981 -78.047172 -901.780284 3030.180373 -3635.499145 -15046.059755 109770.087018
-2.537183
1.000000 1.114481 2.744253 -2.513299 -15.036043 -39.222262 182.971043 750.265515 3759.954077 10313.777734 -26354.431922
-10.298149
1.000000 8.875447 97.004336 827.525321 9174.367240 97816.010551 751214.926389 7835957.068033 100085097.583823 1140657716.087332 9716714267.020237
-0.673909
1.000000 -0.748793 -1.953370 5.190221 13.219052 -1.472569 -208.585925 -274.921202 -865.438020 -8.588427 10357.784181
-2.016329
1.000000 0.593627 0.731888 -2.639548 -9.691390 -16.358816 138.976542 441.720245 1983.591672 4069.858568 -18502.005734
-8.236399
1.000000 6.813697 60.213186 382.533416 3418.492312 29117.623005 152703.272161 1239686.705394 13278009.468684 122478331.180796 760519781.045965
-2.859685
1.000000 1.436983 4.262251 -0.953863 -13.091812 -43.062869 132.914278 648.361169 3458.371876 10909.117697 -18150.813293
-2.632143
1.000000 1.209441 3.169617 -2.185110 -15.002336 -41.784450 174.873117 751.508292 3837.549958 10995.908629 -25005.858595
-3.435702
1.000000 2.013000 7.491092 5.384761 7.670878 11.315325 -95.382888 -438.911763 -2593.982170 -10025.683179 3912.928983
-0.851493
1.000000 -0.571209 -1.805003 3.828716 11.231323 2.950997 -178.628424 -284.643052 -946.609874 -295.787947 11292.676074
-0.300299
1.000000 -1.122403 -2.059581 8.025515 15.330367 -15.058023 -230.139193 -161.582846 -448.228292 304.366860 5233.615726
6.675589
1.000000 -8.098291 47.226575 -332.189918 1766.325522 -9281.380074 44517.569830 -228673.423091 960666.236698 -3119724.308358 11605003.920199
5.448532
1.000000 -6.871234 31.503009 -175.063326 701.500891 -2661.466121 6412.842591 -19573.858826 58210.938896 -75506.387421 -230167.107072
-1.519989
1.000000 0.097287 -0.680890 -0.686614 -0.265550 2.017446 4.983460 2.556025 10.207215 13.792487 -111.254730
0.428836
1.000000 -1.851538 -1.462811 12.415758 10.876588 -44.152239 -103.199659 158.041996 323.347169 -760.767217 -2988.465789
-6.083131
1.000000 4.660429 30.864996 123.367539 811.671853 5042.182052 12107.825011 60876.236008 520946.558728 3593427.422414 13003191.933446
-2.445969
1.000000 1.023267 2.352650 -2.732625 -14.712113 -35.996318 185.654663 728.555836 3584.697322 9408.409594 -26751.768320
-7.900945
1.000000 6.478243 55.031288 329.808003 2829.828094 23104.343447 111559.935386 860645.850076 8929476.847844 79172898.572479 460915265.018174
-10.139516
1.000000 8.716814 93.871693 785.224450 8576.823155 90040.437068 675130.549089 6926371.675445 87368622.116271 981236566.726586 8187806778.710026
-2.765919
1.000000 1.343217 3.799452 -1.540146 -14.220203 -43.525990 154.058979 710.544635 3723.430360 11304.104471 -21541.518001
-5.854496
1.000000 4.431794 28.293378 105.764457 667.647631 3978.553043 8213.584168 37101.978491 309015.809264 2053602.496307 6826404.373759
-3.035749
1.000000 1.613047 5.178753 0.465027 -9.482289 -37.251212 79.247498 448.578249 2471.710912 8341.007845 -10344.631452
-7.317764
1.000000 5.895062 46.558378 249.657589 1985.753904 14985.543978 61239.200665 427166.364745 4182869.660480 34471088.568420 177043767.667870
0.558734
1.000000 -1.981436 -1.244908 12.901709 9.021726 -47.685327 -62.122360 190.824877 365.598448 -997.002557 -3090.957676
7.521861
1.000000 -8.944563 59.825344 -478.478618 2967.113987 -18404.264366 112325.115483 -692852.735542 3497056.076347 -15343805.205160 84756217.747424
0.846246
1.000000 -2.268948 -0.642597 13.521153 4.112453 -51.946257 37.739026 209.115069 340.460819 -1257.642306 -2092.754259
0.170995
1.000000 -1.593697 -1.795363 11.138687 13.691278 -34.988715 -171.095390 59.281043 136.642170 -230.989570 -1427.277972
4.309797
1.000000 -5.732499 19.605215 -78.818897 214.169424 -472.272343 -819.663120 4941.082185 -9068.187917 -12494.962468 171491.768705
2.625138
1.000000 -4.047840 6.759924 -4.691269 -7.446681 32.111667 -2.812503 -127.811515 19.261801 922.888280 -3326.516236
0.867430
1.000000 -2.290132 -0.591679 13.539071 3.717327 -52.037834 45.277696 207.233185 333.002689 -1257.021675 -1977.846801
-1.105380
1.000000 -0.317322 -1.483342 1.954917 7.465355 6.098436 -118.350990 -235.838454 -844.197275 -610.736212 9873.566750
-1.032188
1.000000 -0.390514 -1.589298 2.481590 8.649613 5.610003 -137.495126 -257.800954 -903.940003 -548.969975 10651.944249
-6.418874
1.000000 4.996172 34.830819 152.322659 1060.521784 6977.816665 20091.850710 113531.286668 1009659.233179 7336297.116424 29655312.069413
2.444422
1.000000 -3.867124 5.719093 -0.564391 -11.778515 22.615272 105.542632 -280.795758 -8.486620 2074.264664 -6482.080154
-6.053157
1.000000 4.630455 30.521903 120.964363 791.667563 4891.762709 11533.355801 57273.519136 488399.625217 3352805.925736 12004018.890071
1.750143
1.000000 -3.172845 2.327893 9.952475 -12.123966 -25.158757 264.476133 -180.329200 -130.753854 1337.707046 -1752.271308
0.816227
1.000000 -2.238929 -0.713214 13.488851 4.666105 -51.760869 27.053668 211.004313 349.876722 -1253.245482 -2249.990648
-1.941482
1.000000 0.518780 0.487297 -2.455805 -8.407414 -12.931687 122.644140 374.384055 1653.187247 3222.256243 -15879.681430
-9.065092
1.000000 7.642390 73.979074 535.199956 5248.863335 49255.984416 307586.484508 2790965.419363 32206284.676488 325354815.820239 2326575390.856172
-3.058442
1.000000 1.635740 5.301392 0.679422 -8.861275 -35.942911 71.089655 414.501689 2293.353090 7803.738949 -9272.059739
3.907892
1.000000 -5.330594 16.025200 -54.530379 120.846716 -179.707482 -1007.073279 4003.344140 -5738.044543 -16669.113950 145973.169794
-5.820882
1.000000 4.398180 27.924113 103.315652 648.088372 3837.745159 7729.460394 34266.356901 284246.513220 1878421.990018 6161903.023099
-6.235043
1.000000 4.812341 32.631467 136.000400 918.510887 5859.108657 15350.070112 81723.299000 711759.905268 5028443.587091 19165959.020898
4.874217
1.000000 -6.296919 25.178264 -121.142116 408.433764 -1242.006534 995.967550 971.913520 -2332.902034 305.814039 26205.773053
-3.832397
1.000000 2.409695 10.100620 12.899068 40.729960 135.858478 -278.103977 -1817.056420 -11459.739421 -49735.867930 -17176.313611
-5.881172
1.000000 4.458470 28.588034 107.732897 683.457131 4093.031157 8612.949273 39463.542618 329737.654013 2201038.959814 7392731.175881
-8.731836
1.000000 7.309134 68.278063 469.832120 4443.879567 40157.472006 234781.346772 2041478.743291 22877259.236239 223052855.136354 1511145803.197758
2.108531
1.000000 -3.531233 3.958057 5.519205 -14.562451 -0.551233 232.316363 -331.111277 -121.282154 2490.800134 -5617.608630
1.596295
1.000000 -3.018997 1.706907 11.270676 -9.953625 -33.963592 250.283620 -89.991882 -79.159856 656.435084 -579.400565
-0.355939
1.000000 -1.066763 -2.061455 7.614536 15.204875 -12.776916 -230.764153 -184.500344 -522.083746 298.172751 6136.745095
-3.809201
1.000000 2.386499 9.939369 12.380754 38.268611 125.768403 -269.289192 -1729.206642 -10865.578779 -46858.305148 -14271.472959
-2.401846
1.000000 0.979144 2.169192 -2.806367 -14.442635 -34.229395 185.218044 711.686695 3470.292642 8908.022972 -26634.531736
-5.248179
1.000000 3.825477 21.979951 66.787286 372.067038 1961.767061 2182.062450 4777.688610 36895.128961 220259.262806 553721.218372
-2.411661
1.000000 0.988959 2.209665 -2.791745 -14.508565 -34.632274 185.410825 715.771771 3497.237857 9022.125174 -26677.638608
-2.615740
1.000000 1.193038 3.094852 -2.249297 -15.037232 -41.410428 176.665306 752.982020 3832.723561 10901.398883 -25306.727494
4.688210
1.000000 -6.110912 23.271255 -106.079434 335.229082 -931.778096 117.741985 3395.252371 -7516.353661 -2355.775458 102716.510361
-6.902064
1.000000 5.479362 40.933998 200.893722 1506.754624 10700.872757 37876.084285 242508.654639 2273864.382238 17717890.710981 82151098.096883
5.178650
1.000000 -6.601352 28.448725 -148.289456 550.318128 -1897.743743 3267.107024 -6841.224065 18498.329868 -14429.003816 -136133.189183
0.878095
1.000000 -2.300797 -0.565705 13.546543 3.517109 -52.071497 49.069931 206.113867 329.003702 -1255.518543 -1918.998457
-6.950321
1.000000 5.527619 41.569178 206.214027 1557.595971 11142.650185 40157.375168 259894.524400 2449423.659907 19213895.690053 90211382.182346
-7.445024
1.000000 6.022322 48.349290 265.946939 2151.902346 16530.713849 70268.432615 501848.738331 4978035.526102 41705595.040850 220497431.930052
